SF:lib/src/authentication/data/models/user_data_model.dart
DA:8,2
DA:15,0
DA:21,0
DA:22,0
DA:23,0
DA:24,0
DA:25,0
DA:29,1
DA:30,1
DA:31,1
DA:32,1
DA:33,1
DA:34,1
DA:38,3
DA:40,1
DA:41,1
DA:42,1
DA:43,1
DA:44,1
DA:45,1
DA:49,1
DA:50,2
DA:52,1
DA:53,0
DA:61,0
DA:63,0
LF:26
LH:17
end_of_record
SF:lib/src/authentication/domain/entities/user_model.dart
DA:5,2
DA:17,0
DA:18,0
DA:25,1
DA:26,2
LF:5
LH:3
end_of_record
SF:lib/core/errors/failure.dart
DA:4,0
DA:9,0
DA:10,0
DA:14,0
DA:18,0
LF:5
LH:0
end_of_record
