SF:lib/core/errors/exceptions.dart
DA:4,1
DA:12,0
DA:13,0
LF:3
LH:1
end_of_record
SF:lib/core/errors/failure.dart
DA:5,1
DA:10,1
DA:11,3
DA:15,1
DA:17,1
DA:18,3
DA:22,0
LF:7
LH:6
end_of_record
SF:lib/src/authentication/data/repository_impl/authentication_repository_impl.dart
DA:11,1
DA:13,1
DA:27,2
DA:30,1
DA:31,1
DA:32,1
DA:37,1
DA:40,2
DA:41,1
DA:42,1
DA:43,2
DA:47,1
DA:51,2
DA:53,1
DA:54,2
LF:15
LH:15
end_of_record
SF:lib/src/authentication/domain/entities/user_model.dart
DA:7,1
DA:19,0
DA:20,0
DA:27,0
DA:28,0
DA:30,0
DA:31,0
DA:32,0
DA:33,0
DA:34,0
DA:35,0
DA:39,1
DA:40,1
DA:41,1
DA:42,1
DA:43,1
DA:44,1
DA:48,0
DA:50,0
DA:51,0
LF:20
LH:7
end_of_record
SF:lib/src/authentication/data/models/user_data_model.dart
DA:8,0
DA:15,0
DA:21,0
DA:22,0
DA:23,0
DA:24,0
DA:25,0
DA:29,0
DA:30,0
DA:31,0
DA:32,0
DA:33,0
DA:34,0
DA:38,0
DA:40,0
DA:41,0
DA:42,0
DA:43,0
DA:44,0
DA:45,0
DA:49,0
DA:50,0
DA:52,0
DA:53,0
DA:61,0
DA:63,0
LF:26
LH:0
end_of_record
SF:lib/src/authentication/domain/repositories/authentication_repository.dart
DA:5,0
LF:1
LH:0
end_of_record
